2024-04-05 11:47:45,150 [Worker-2: Loading available Gradle versions] INFO  o.e.b.c.i.u.g.PublishedGradleVersions - Gradle version information cache is out-of-date. Trying to update.
2024-04-16 10:12:56,619 [Worker-3: Loading available Gradle versions] INFO  o.e.b.c.i.u.g.PublishedGradleVersions - Gradle version information cache is out-of-date. Trying to update.
2024-04-16 10:13:00,532 [Worker-5: Building] INFO  o.a.m.s.f.DefaultMavenResourcesFiltering - Copying 1 resource from src\main\resources to target\classes
2024-04-16 10:13:00,550 [Worker-5: Building] INFO  o.a.m.s.f.DefaultMavenResourcesFiltering - Copying 2 resources from src\main\resources to target\classes
2024-04-16 10:13:00,558 [Worker-5: Building] INFO  o.a.m.s.f.DefaultMavenResourcesFiltering - Copying 0 resource from src\test\resources to target\test-classes
2024-04-18 11:33:37,953 [Worker-161: Building] INFO  o.e.m.c.i.l.LifecycleMappingFactory - Using org.eclipse.m2e.jdt.JarLifecycleMapping lifecycle mapping for MavenProject: com.example:SecuringSpringRESTAPIs:0.0.1-SNAPSHOT @ C:\Users\Vikas Jagtap\Desktop\Backend\Java\Web Frameworks\Spring Boot\Security in Spring Boot\Basic Authentication using Spring Security\SecuringSpringRESTAPIs\pom.xml.
2024-04-18 11:33:39,464 [Worker-161: Building] INFO  o.a.m.s.f.DefaultMavenResourcesFiltering - Copying 1 resource from src\main\resources to target\classes
2024-04-18 11:33:39,494 [Worker-161: Building] INFO  o.a.m.s.f.DefaultMavenResourcesFiltering - Copying 0 resource from src\main\resources to target\classes
2024-04-18 11:33:39,502 [Worker-161: Building] INFO  o.a.m.s.f.DefaultMavenResourcesFiltering - skip non existing resourceDirectory C:\Users\Vikas Jagtap\Desktop\Backend\Java\Web Frameworks\Spring Boot\Security in Spring Boot\Basic Authentication using Spring Security\SecuringSpringRESTAPIs\src\test\resources
2024-04-18 11:33:41,228 [Worker-162: Updating Maven Dependencies] INFO  o.e.m.c.i.l.LifecycleMappingFactory - Using org.eclipse.m2e.jdt.JarLifecycleMapping lifecycle mapping for MavenProject: com.example:SecuringSpringRESTAPIs:0.0.1-SNAPSHOT @ C:\Users\Vikas Jagtap\Desktop\Backend\Java\Web Frameworks\Spring Boot\Security in Spring Boot\Basic Authentication using Spring Security\SecuringSpringRESTAPIs\pom.xml.
2024-04-18 11:34:34,086 [Worker-166: Building] INFO  o.a.m.s.f.DefaultMavenResourcesFiltering - Copying 1 resource from src\main\resources to target\classes
2024-04-18 11:34:34,102 [Worker-166: Building] INFO  o.a.m.s.f.DefaultMavenResourcesFiltering - Copying 0 resource from src\main\resources to target\classes
2024-04-18 11:34:34,106 [Worker-166: Building] INFO  o.a.m.s.f.DefaultMavenResourcesFiltering - skip non existing resourceDirectory C:\Users\Vikas Jagtap\Desktop\Backend\Java\Web Frameworks\Spring Boot\Security in Spring Boot\Basic Authentication using Spring Security\SecuringSpringRESTAPIs\src\test\resources
2024-04-18 11:35:04,167 [Worker-162: Building] INFO  o.a.m.s.f.DefaultMavenResourcesFiltering - Copying 1 resource from src\main\resources to target\classes
2024-04-18 11:35:04,198 [Worker-162: Building] INFO  o.a.m.s.f.DefaultMavenResourcesFiltering - Copying 0 resource from src\main\resources to target\classes
2024-04-18 11:35:04,206 [Worker-162: Building] INFO  o.a.m.s.f.DefaultMavenResourcesFiltering - skip non existing resourceDirectory C:\Users\Vikas Jagtap\Desktop\Backend\Java\Web Frameworks\Spring Boot\Security in Spring Boot\Basic Authentication using Spring Security\SecuringSpringRESTAPIs\src\test\resources
2024-04-18 11:37:20,639 [Worker-166: Building] INFO  o.a.m.s.f.DefaultMavenResourcesFiltering - Copying 1 resource from src\main\resources to target\classes
2024-04-18 11:37:20,683 [Worker-166: Building] INFO  o.a.m.s.f.DefaultMavenResourcesFiltering - Copying 0 resource from src\main\resources to target\classes
2024-04-18 11:37:20,689 [Worker-166: Building] INFO  o.a.m.s.f.DefaultMavenResourcesFiltering - skip non existing resourceDirectory C:\Users\Vikas Jagtap\Desktop\Backend\Java\Web Frameworks\Spring Boot\Security in Spring Boot\Basic Authentication using Spring Security\SecuringSpringRESTAPIs\src\test\resources
2024-04-18 11:37:28,056 [Worker-168: Building] INFO  o.a.m.s.f.DefaultMavenResourcesFiltering - Copying 1 resource from src\main\resources to target\classes
2024-04-18 11:37:28,078 [Worker-168: Building] INFO  o.a.m.s.f.DefaultMavenResourcesFiltering - Copying 0 resource from src\main\resources to target\classes
2024-04-18 11:37:28,083 [Worker-168: Building] INFO  o.a.m.s.f.DefaultMavenResourcesFiltering - skip non existing resourceDirectory C:\Users\Vikas Jagtap\Desktop\Backend\Java\Web Frameworks\Spring Boot\Security in Spring Boot\Basic Authentication using Spring Security\SecuringSpringRESTAPIs\src\test\resources
2024-04-18 11:37:50,436 [Worker-166: Building] INFO  o.a.m.s.f.DefaultMavenResourcesFiltering - Copying 1 resource from src\main\resources to target\classes
2024-04-18 11:37:50,444 [Worker-166: Building] INFO  o.a.m.s.f.DefaultMavenResourcesFiltering - Copying 0 resource from src\main\resources to target\classes
2024-04-18 11:37:50,447 [Worker-166: Building] INFO  o.a.m.s.f.DefaultMavenResourcesFiltering - skip non existing resourceDirectory C:\Users\Vikas Jagtap\Desktop\Backend\Java\Web Frameworks\Spring Boot\Security in Spring Boot\Basic Authentication using Spring Security\SecuringSpringRESTAPIs\src\test\resources
2024-04-18 11:39:52,568 [Worker-166: Building] INFO  o.a.m.s.f.DefaultMavenResourcesFiltering - Copying 1 resource from src\main\resources to target\classes
2024-04-18 11:39:52,576 [Worker-166: Building] INFO  o.a.m.s.f.DefaultMavenResourcesFiltering - Copying 0 resource from src\main\resources to target\classes
2024-04-18 11:39:52,583 [Worker-166: Building] INFO  o.a.m.s.f.DefaultMavenResourcesFiltering - skip non existing resourceDirectory C:\Users\Vikas Jagtap\Desktop\Backend\Java\Web Frameworks\Spring Boot\Security in Spring Boot\Basic Authentication using Spring Security\SecuringSpringRESTAPIs\src\test\resources
2024-04-18 11:41:00,408 [Start Help Server] INFO  org.eclipse.jetty.server.Server - jetty-12.0.3; built: 2023-10-27T03:25:22.284Z; git: a873259fd5af141dedaa6c7fa8fe8fbdedce0d61; jvm 17.0.10+7
2024-04-18 11:41:00,520 [Start Help Server] INFO  o.e.j.server.handler.ContextHandler - Started oeje8n.ContextHandler$CoreContextHandler@5a278785{/help,/help,b=null,a=AVAILABLE,h=oeje8n.ContextHandler$CoreContextHandler$CoreToNestedHandler@3dcd5056{STARTED}}
2024-04-18 11:41:00,521 [Start Help Server] INFO  o.e.j.s.DefaultSessionIdManager - Session workerName=node0
2024-04-18 11:41:00,572 [Start Help Server] INFO  o.e.jetty.server.AbstractConnector - Started ServerConnector@ca76472{HTTP/1.1, (http/1.1)}{127.0.0.1:58513}
2024-04-18 11:41:00,608 [Start Help Server] INFO  org.eclipse.jetty.server.Server - Started oejs.Server@48be5aff{STARTING}[12.0.3,sto=0] @178128112ms
2024-04-18 11:41:36,120 [Worker-166: Building] INFO  o.a.m.s.f.DefaultMavenResourcesFiltering - Copying 1 resource from src\main\resources to target\classes
2024-04-18 11:41:36,126 [Worker-166: Building] INFO  o.a.m.s.f.DefaultMavenResourcesFiltering - Copying 0 resource from src\main\resources to target\classes
2024-04-18 11:41:36,131 [Worker-166: Building] INFO  o.a.m.s.f.DefaultMavenResourcesFiltering - skip non existing resourceDirectory C:\Users\Vikas Jagtap\Desktop\Backend\Java\Web Frameworks\Spring Boot\Security in Spring Boot\Basic Authentication using Spring Security\SecuringSpringRESTAPIs\src\test\resources
2024-04-18 11:43:14,110 [Worker-166: Building] INFO  o.a.m.s.f.DefaultMavenResourcesFiltering - Copying 1 resource from src\main\resources to target\classes
2024-04-18 11:43:14,181 [Worker-166: Building] INFO  o.a.m.s.f.DefaultMavenResourcesFiltering - Copying 0 resource from src\main\resources to target\classes
2024-04-18 11:43:14,219 [Worker-166: Building] INFO  o.a.m.s.f.DefaultMavenResourcesFiltering - skip non existing resourceDirectory C:\Users\Vikas Jagtap\Desktop\Backend\Java\Web Frameworks\Spring Boot\Security in Spring Boot\Basic Authentication using Spring Security\SecuringSpringRESTAPIs\src\test\resources
2024-04-18 11:43:21,544 [Worker-167: Building] INFO  o.a.m.s.f.DefaultMavenResourcesFiltering - Copying 1 resource from src\main\resources to target\classes
2024-04-18 11:43:21,552 [Worker-167: Building] INFO  o.a.m.s.f.DefaultMavenResourcesFiltering - Copying 0 resource from src\main\resources to target\classes
2024-04-18 11:43:21,558 [Worker-167: Building] INFO  o.a.m.s.f.DefaultMavenResourcesFiltering - skip non existing resourceDirectory C:\Users\Vikas Jagtap\Desktop\Backend\Java\Web Frameworks\Spring Boot\Security in Spring Boot\Basic Authentication using Spring Security\SecuringSpringRESTAPIs\src\test\resources
2024-04-18 11:46:38,556 [Worker-171: Building] INFO  o.a.m.s.f.DefaultMavenResourcesFiltering - Copying 1 resource from src\main\resources to target\classes
2024-04-18 11:46:38,566 [Worker-171: Building] INFO  o.a.m.s.f.DefaultMavenResourcesFiltering - Copying 0 resource from src\main\resources to target\classes
2024-04-18 11:46:38,570 [Worker-171: Building] INFO  o.a.m.s.f.DefaultMavenResourcesFiltering - skip non existing resourceDirectory C:\Users\Vikas Jagtap\Desktop\Backend\Java\Web Frameworks\Spring Boot\Security in Spring Boot\Basic Authentication using Spring Security\SecuringSpringRESTAPIs\src\test\resources
2024-04-18 22:58:22,489 [Worker-226: Building] INFO  o.e.m.c.i.l.LifecycleMappingFactory - Using org.eclipse.m2e.jdt.JarLifecycleMapping lifecycle mapping for MavenProject: com.example:SecuringSpringRESTAPIs:0.0.1-SNAPSHOT @ C:\Users\Vikas Jagtap\Desktop\Backend\Java\Web Frameworks\Spring Boot\Security in Spring Boot\Basic Authentication using Spring Security\SecuringSpringRESTAPIs\pom.xml.
2024-04-18 22:58:23,735 [Worker-226: Building] INFO  o.a.m.s.f.DefaultMavenResourcesFiltering - Copying 1 resource from src\main\resources to target\classes
2024-04-18 22:58:23,764 [Worker-226: Building] INFO  o.a.m.s.f.DefaultMavenResourcesFiltering - Copying 0 resource from src\main\resources to target\classes
2024-04-18 22:58:23,772 [Worker-226: Building] INFO  o.a.m.s.f.DefaultMavenResourcesFiltering - skip non existing resourceDirectory C:\Users\Vikas Jagtap\Desktop\Backend\Java\Web Frameworks\Spring Boot\Security in Spring Boot\Basic Authentication using Spring Security\SecuringSpringRESTAPIs\src\test\resources
2024-04-18 22:58:25,769 [Worker-226: Updating Maven Dependencies] INFO  o.e.m.c.i.l.LifecycleMappingFactory - Using org.eclipse.m2e.jdt.JarLifecycleMapping lifecycle mapping for MavenProject: com.example:SecuringSpringRESTAPIs:0.0.1-SNAPSHOT @ C:\Users\Vikas Jagtap\Desktop\Backend\Java\Web Frameworks\Spring Boot\Security in Spring Boot\Basic Authentication using Spring Security\SecuringSpringRESTAPIs\pom.xml.
2024-04-18 23:01:42,320 [Worker-225: Building] INFO  o.a.m.s.f.DefaultMavenResourcesFiltering - Copying 1 resource from src\main\resources to target\classes
2024-04-18 23:01:42,340 [Worker-225: Building] INFO  o.a.m.s.f.DefaultMavenResourcesFiltering - Copying 0 resource from src\main\resources to target\classes
2024-04-18 23:01:42,345 [Worker-225: Building] INFO  o.a.m.s.f.DefaultMavenResourcesFiltering - skip non existing resourceDirectory C:\Users\Vikas Jagtap\Desktop\Backend\Java\Web Frameworks\Spring Boot\Security in Spring Boot\Basic Authentication using Spring Security\SecuringSpringRESTAPIs\src\test\resources
2024-04-18 23:01:57,561 [Worker-229: Building] INFO  o.a.m.s.f.DefaultMavenResourcesFiltering - Copying 1 resource from src\main\resources to target\classes
2024-04-18 23:01:57,589 [Worker-229: Building] INFO  o.a.m.s.f.DefaultMavenResourcesFiltering - Copying 0 resource from src\main\resources to target\classes
2024-04-18 23:01:57,596 [Worker-229: Building] INFO  o.a.m.s.f.DefaultMavenResourcesFiltering - skip non existing resourceDirectory C:\Users\Vikas Jagtap\Desktop\Backend\Java\Web Frameworks\Spring Boot\Security in Spring Boot\Basic Authentication using Spring Security\SecuringSpringRESTAPIs\src\test\resources
2024-04-18 23:02:19,100 [Worker-231: Building] INFO  o.a.m.s.f.DefaultMavenResourcesFiltering - Copying 1 resource from src\main\resources to target\classes
2024-04-18 23:02:19,104 [Worker-231: Building] INFO  o.a.m.s.f.DefaultMavenResourcesFiltering - Copying 0 resource from src\main\resources to target\classes
2024-04-18 23:02:19,108 [Worker-231: Building] INFO  o.a.m.s.f.DefaultMavenResourcesFiltering - skip non existing resourceDirectory C:\Users\Vikas Jagtap\Desktop\Backend\Java\Web Frameworks\Spring Boot\Security in Spring Boot\Basic Authentication using Spring Security\SecuringSpringRESTAPIs\src\test\resources
2024-04-20 00:13:52,875 [Worker-240: Building] INFO  o.a.m.s.f.DefaultMavenResourcesFiltering - Copying 1 resource from src\main\resources to target\classes
2024-04-20 00:13:52,931 [Worker-240: Building] INFO  o.a.m.s.f.DefaultMavenResourcesFiltering - Copying 0 resource from src\main\resources to target\classes
2024-04-20 00:13:52,978 [Worker-240: Building] INFO  o.a.m.s.f.DefaultMavenResourcesFiltering - skip non existing resourceDirectory C:\Users\Vikas Jagtap\Desktop\Backend\Java\Web Frameworks\Spring Boot\Security in Spring Boot\Basic Authentication using Spring Security\SecuringSpringRESTAPIs\src\test\resources
2024-04-20 00:14:06,385 [Worker-240: Building] INFO  o.a.m.s.f.DefaultMavenResourcesFiltering - Copying 1 resource from src\main\resources to target\classes
2024-04-20 00:14:06,441 [Worker-240: Building] INFO  o.a.m.s.f.DefaultMavenResourcesFiltering - Copying 0 resource from src\main\resources to target\classes
2024-04-20 00:14:06,450 [Worker-240: Building] INFO  o.a.m.s.f.DefaultMavenResourcesFiltering - skip non existing resourceDirectory C:\Users\Vikas Jagtap\Desktop\Backend\Java\Web Frameworks\Spring Boot\Security in Spring Boot\Basic Authentication using Spring Security\SecuringSpringRESTAPIs\src\test\resources
2024-04-20 00:20:54,360 [Worker-246: Building] INFO  o.a.m.s.f.DefaultMavenResourcesFiltering - Copying 1 resource from src\main\resources to target\classes
2024-04-20 00:20:54,380 [Worker-246: Building] INFO  o.a.m.s.f.DefaultMavenResourcesFiltering - Copying 0 resource from src\main\resources to target\classes
2024-04-20 00:20:54,385 [Worker-246: Building] INFO  o.a.m.s.f.DefaultMavenResourcesFiltering - skip non existing resourceDirectory C:\Users\Vikas Jagtap\Desktop\Backend\Java\Web Frameworks\Spring Boot\Security in Spring Boot\Basic Authentication using Spring Security\SecuringSpringRESTAPIs\src\test\resources
2024-04-20 00:30:48,712 [Worker-240: Building] INFO  o.a.m.s.f.DefaultMavenResourcesFiltering - Copying 1 resource from src\main\resources to target\classes
2024-04-20 00:30:48,777 [Worker-240: Building] INFO  o.a.m.s.f.DefaultMavenResourcesFiltering - Copying 0 resource from src\main\resources to target\classes
2024-04-20 00:30:48,782 [Worker-240: Building] INFO  o.a.m.s.f.DefaultMavenResourcesFiltering - skip non existing resourceDirectory C:\Users\Vikas Jagtap\Desktop\Backend\Java\Web Frameworks\Spring Boot\Security in Spring Boot\Basic Authentication using Spring Security\SecuringSpringRESTAPIs\src\test\resources
2024-04-20 00:30:58,496 [Worker-240: Building] INFO  o.a.m.s.f.DefaultMavenResourcesFiltering - Copying 1 resource from src\main\resources to target\classes
2024-04-20 00:30:58,523 [Worker-240: Building] INFO  o.a.m.s.f.DefaultMavenResourcesFiltering - Copying 0 resource from src\main\resources to target\classes
2024-04-20 00:30:58,533 [Worker-240: Building] INFO  o.a.m.s.f.DefaultMavenResourcesFiltering - skip non existing resourceDirectory C:\Users\Vikas Jagtap\Desktop\Backend\Java\Web Frameworks\Spring Boot\Security in Spring Boot\Basic Authentication using Spring Security\SecuringSpringRESTAPIs\src\test\resources
2024-04-20 00:31:12,053 [Worker-250: Building] INFO  o.a.m.s.f.DefaultMavenResourcesFiltering - Copying 1 resource from src\main\resources to target\classes
2024-04-20 00:31:12,069 [Worker-250: Building] INFO  o.a.m.s.f.DefaultMavenResourcesFiltering - Copying 0 resource from src\main\resources to target\classes
2024-04-20 00:31:12,075 [Worker-250: Building] INFO  o.a.m.s.f.DefaultMavenResourcesFiltering - skip non existing resourceDirectory C:\Users\Vikas Jagtap\Desktop\Backend\Java\Web Frameworks\Spring Boot\Security in Spring Boot\Basic Authentication using Spring Security\SecuringSpringRESTAPIs\src\test\resources
2024-04-20 00:32:02,533 [Worker-246: Building] INFO  o.a.m.s.f.DefaultMavenResourcesFiltering - Copying 1 resource from src\main\resources to target\classes
2024-04-20 00:32:02,577 [Worker-246: Building] INFO  o.a.m.s.f.DefaultMavenResourcesFiltering - Copying 0 resource from src\main\resources to target\classes
2024-04-20 00:32:02,584 [Worker-246: Building] INFO  o.a.m.s.f.DefaultMavenResourcesFiltering - skip non existing resourceDirectory C:\Users\Vikas Jagtap\Desktop\Backend\Java\Web Frameworks\Spring Boot\Security in Spring Boot\Basic Authentication using Spring Security\SecuringSpringRESTAPIs\src\test\resources
2024-04-20 00:42:14,837 [Worker-246: Building] INFO  o.a.m.s.f.DefaultMavenResourcesFiltering - Copying 1 resource from src\main\resources to target\classes
2024-04-20 00:42:14,851 [Worker-246: Building] INFO  o.a.m.s.f.DefaultMavenResourcesFiltering - Copying 0 resource from src\main\resources to target\classes
2024-04-20 00:42:14,854 [Worker-246: Building] INFO  o.a.m.s.f.DefaultMavenResourcesFiltering - skip non existing resourceDirectory C:\Users\Vikas Jagtap\Desktop\Backend\Java\Web Frameworks\Spring Boot\Security in Spring Boot\Basic Authentication using Spring Security\SecuringSpringRESTAPIs\src\test\resources
2024-04-20 00:42:36,131 [Worker-251: Building] INFO  o.a.m.s.f.DefaultMavenResourcesFiltering - Copying 1 resource from src\main\resources to target\classes
2024-04-20 00:42:36,145 [Worker-251: Building] INFO  o.a.m.s.f.DefaultMavenResourcesFiltering - Copying 0 resource from src\main\resources to target\classes
2024-04-20 00:42:36,148 [Worker-251: Building] INFO  o.a.m.s.f.DefaultMavenResourcesFiltering - skip non existing resourceDirectory C:\Users\Vikas Jagtap\Desktop\Backend\Java\Web Frameworks\Spring Boot\Security in Spring Boot\Basic Authentication using Spring Security\SecuringSpringRESTAPIs\src\test\resources
2024-04-20 00:42:39,672 [Worker-254: Building] INFO  o.a.m.s.f.DefaultMavenResourcesFiltering - Copying 1 resource from src\main\resources to target\classes
2024-04-20 00:42:39,747 [Worker-254: Building] INFO  o.a.m.s.f.DefaultMavenResourcesFiltering - Copying 0 resource from src\main\resources to target\classes
2024-04-20 00:42:39,751 [Worker-254: Building] INFO  o.a.m.s.f.DefaultMavenResourcesFiltering - skip non existing resourceDirectory C:\Users\Vikas Jagtap\Desktop\Backend\Java\Web Frameworks\Spring Boot\Security in Spring Boot\Basic Authentication using Spring Security\SecuringSpringRESTAPIs\src\test\resources
2024-04-20 00:43:44,598 [Worker-256: Building] INFO  o.a.m.s.f.DefaultMavenResourcesFiltering - Copying 1 resource from src\main\resources to target\classes
2024-04-20 00:43:44,611 [Worker-256: Building] INFO  o.a.m.s.f.DefaultMavenResourcesFiltering - Copying 0 resource from src\main\resources to target\classes
2024-04-20 00:43:44,616 [Worker-256: Building] INFO  o.a.m.s.f.DefaultMavenResourcesFiltering - skip non existing resourceDirectory C:\Users\Vikas Jagtap\Desktop\Backend\Java\Web Frameworks\Spring Boot\Security in Spring Boot\Basic Authentication using Spring Security\SecuringSpringRESTAPIs\src\test\resources
2024-04-20 00:43:52,569 [Worker-254: Building] INFO  o.a.m.s.f.DefaultMavenResourcesFiltering - Copying 1 resource from src\main\resources to target\classes
2024-04-20 00:43:52,579 [Worker-254: Building] INFO  o.a.m.s.f.DefaultMavenResourcesFiltering - Copying 0 resource from src\main\resources to target\classes
2024-04-20 00:43:52,583 [Worker-254: Building] INFO  o.a.m.s.f.DefaultMavenResourcesFiltering - skip non existing resourceDirectory C:\Users\Vikas Jagtap\Desktop\Backend\Java\Web Frameworks\Spring Boot\Security in Spring Boot\Basic Authentication using Spring Security\SecuringSpringRESTAPIs\src\test\resources
2024-04-20 00:47:41,730 [Worker-246: Building] INFO  o.a.m.s.f.DefaultMavenResourcesFiltering - Copying 1 resource from src\main\resources to target\classes
2024-04-20 00:47:41,741 [Worker-246: Building] INFO  o.a.m.s.f.DefaultMavenResourcesFiltering - Copying 0 resource from src\main\resources to target\classes
2024-04-20 00:47:41,747 [Worker-246: Building] INFO  o.a.m.s.f.DefaultMavenResourcesFiltering - skip non existing resourceDirectory C:\Users\Vikas Jagtap\Desktop\Backend\Java\Web Frameworks\Spring Boot\Security in Spring Boot\Basic Authentication using Spring Security\SecuringSpringRESTAPIs\src\test\resources
2024-04-22 16:29:06,614 [Worker-2: Loading available Gradle versions] INFO  o.e.b.c.i.u.g.PublishedGradleVersions - Gradle version information cache is out-of-date. Trying to update.
2024-04-22 16:29:10,072 [Worker-4: Updating Maven Dependencies] INFO  o.e.m.c.i.l.LifecycleMappingFactory - Using org.eclipse.m2e.jdt.JarLifecycleMapping lifecycle mapping for MavenProject: com.example:JavaArchitechureForXMLBinding:0.0.1-SNAPSHOT @ C:\Users\Vikas Jagtap\Desktop\Backend\Java\Core Java\JavaArchitechureForXMLBinding\pom.xml.
2024-04-22 16:29:10,227 [Worker-5: Building] INFO  o.e.m.c.i.l.LifecycleMappingFactory - Using org.eclipse.m2e.jdt.JarLifecycleMapping lifecycle mapping for MavenProject: com.example:JavaArchitechureForXMLBinding:0.0.1-SNAPSHOT @ C:\Users\Vikas Jagtap\Desktop\Backend\Java\Core Java\JavaArchitechureForXMLBinding\pom.xml.
2024-04-22 16:29:12,607 [Worker-5: Building] INFO  o.a.m.s.f.DefaultMavenResourcesFiltering - Copying 0 resource from src\test\resources to target\test-classes
2024-04-22 16:29:12,707 [Worker-7: Updating Maven Project] INFO  o.e.m.c.i.p.ProjectConfigurationManager - Update started
2024-04-22 16:29:13,042 [Worker-7: Updating Maven Project] INFO  o.e.m.c.i.l.LifecycleMappingFactory - Using org.eclipse.m2e.jdt.JarLifecycleMapping lifecycle mapping for MavenProject: com.example:JavaArchitechureForXMLBinding:0.0.1-SNAPSHOT @ C:\Users\Vikas Jagtap\Desktop\Backend\Java\Core Java\JavaArchitechureForXMLBinding\pom.xml.
2024-04-22 16:29:13,443 [Worker-7: Updating Maven Project] INFO  o.e.m.j.i.AbstractJavaProjectConfigurator - Adding source folder /JavaArchitechureForXMLBinding/src/main/java
2024-04-22 16:29:13,443 [Worker-7: Updating Maven Project] INFO  o.e.m.j.i.AbstractJavaProjectConfigurator - Adding resource folder /JavaArchitechureForXMLBinding/src/main/resources
2024-04-22 16:29:13,443 [Worker-7: Updating Maven Project] INFO  o.e.m.j.i.AbstractJavaProjectConfigurator - Adding resource folder /JavaArchitechureForXMLBinding/src/main/resources
2024-04-22 16:29:13,446 [Worker-7: Updating Maven Project] INFO  o.e.m.j.i.AbstractJavaProjectConfigurator - Adding source folder /JavaArchitechureForXMLBinding/src/test/java
2024-04-22 16:29:13,446 [Worker-7: Updating Maven Project] INFO  o.e.m.j.i.AbstractJavaProjectConfigurator - Adding resource folder /JavaArchitechureForXMLBinding/src/test/resources
2024-04-22 16:29:13,774 [Worker-7: Updating Maven Project] INFO  o.e.m.c.i.p.ProjectConfigurationManager - Update completed for 1 poms: local refresh takes 0.00 sec, refresh facades takes 0.00 sec, update config takes 0.00 sec 
2024-04-22 16:29:14,232 [Worker-4: Updating Maven Dependencies] INFO  o.e.m.c.i.l.LifecycleMappingFactory - Using org.eclipse.m2e.jdt.JarLifecycleMapping lifecycle mapping for MavenProject: com.example:JavaArchitechureForXMLBinding:0.0.1-SNAPSHOT @ C:\Users\Vikas Jagtap\Desktop\Backend\Java\Core Java\JavaArchitechureForXMLBinding\pom.xml.
2024-04-22 16:29:14,377 [Worker-9: Building] INFO  o.a.m.s.f.DefaultMavenResourcesFiltering - Copying 1 resource from src\main\resources to target\classes
2024-04-22 16:29:14,401 [Worker-9: Building] INFO  o.a.m.s.f.DefaultMavenResourcesFiltering - Copying 2 resources from src\main\resources to target\classes
2024-04-22 16:29:14,413 [Worker-9: Building] INFO  o.a.m.s.f.DefaultMavenResourcesFiltering - Copying 0 resource from src\test\resources to target\test-classes
2024-04-22 16:29:14,490 [Worker-4: Updating Maven Dependencies] INFO  o.e.m.c.i.l.LifecycleMappingFactory - Using org.eclipse.m2e.jdt.JarLifecycleMapping lifecycle mapping for MavenProject: FileHandling:CSVFile:0.0.1-SNAPSHOT @ C:\Users\Vikas Jagtap\Desktop\Backend\Java\Core Java\CSVFile\pom.xml.
2024-04-22 16:29:14,802 [Worker-3: Updating Maven Project] INFO  o.e.m.c.i.p.ProjectConfigurationManager - Update started
2024-04-22 16:29:14,841 [Worker-3: Updating Maven Project] INFO  o.e.m.c.i.l.LifecycleMappingFactory - Using org.eclipse.m2e.jdt.JarLifecycleMapping lifecycle mapping for MavenProject: FileHandling:CSVFile:0.0.1-SNAPSHOT @ C:\Users\Vikas Jagtap\Desktop\Backend\Java\Core Java\CSVFile\pom.xml.
2024-04-22 16:29:14,954 [Worker-3: Updating Maven Project] INFO  o.e.m.j.i.AbstractJavaProjectConfigurator - Adding source folder /CSVFile/src/main/java
2024-04-22 16:29:14,954 [Worker-3: Updating Maven Project] INFO  o.e.m.j.i.AbstractJavaProjectConfigurator - Adding resource folder /CSVFile/src/main/resources
2024-04-22 16:29:14,955 [Worker-3: Updating Maven Project] INFO  o.e.m.j.i.AbstractJavaProjectConfigurator - Adding source folder /CSVFile/src/test/java
2024-04-22 16:29:14,955 [Worker-3: Updating Maven Project] INFO  o.e.m.j.i.AbstractJavaProjectConfigurator - Adding resource folder /CSVFile/src/test/resources
2024-04-22 16:29:15,044 [Worker-3: Updating Maven Project] INFO  o.e.m.c.i.p.ProjectConfigurationManager - Update completed for 1 poms: local refresh takes 0.00 sec, refresh facades takes 0.00 sec, update config takes 0.00 sec 
2024-04-22 16:29:15,045 [Worker-11: Updating Maven Project] INFO  o.e.m.c.i.p.ProjectConfigurationManager - Update started
2024-04-22 16:29:15,078 [Worker-11: Updating Maven Project] INFO  o.e.m.c.i.l.LifecycleMappingFactory - Using org.eclipse.m2e.jdt.JarLifecycleMapping lifecycle mapping for MavenProject: FileHandling:CSVFile:0.0.1-SNAPSHOT @ C:\Users\Vikas Jagtap\Desktop\Backend\Java\Core Java\CSVFile\pom.xml.
2024-04-22 16:29:15,392 [Worker-11: Updating Maven Project] INFO  o.e.m.j.i.AbstractJavaProjectConfigurator - Adding source folder /CSVFile/src/main/java
2024-04-22 16:29:15,392 [Worker-11: Updating Maven Project] INFO  o.e.m.j.i.AbstractJavaProjectConfigurator - Adding resource folder /CSVFile/src/main/resources
2024-04-22 16:29:15,393 [Worker-11: Updating Maven Project] INFO  o.e.m.j.i.AbstractJavaProjectConfigurator - Adding source folder /CSVFile/src/test/java
2024-04-22 16:29:15,393 [Worker-11: Updating Maven Project] INFO  o.e.m.j.i.AbstractJavaProjectConfigurator - Adding resource folder /CSVFile/src/test/resources
2024-04-22 16:29:15,457 [Worker-11: Updating Maven Project] INFO  o.e.m.c.i.p.ProjectConfigurationManager - Update completed for 1 poms: local refresh takes 0.00 sec, refresh facades takes 0.00 sec, update config takes 0.00 sec 
2024-04-22 16:29:15,460 [Worker-11: Updating Maven Project] INFO  o.e.m.c.i.p.ProjectConfigurationManager - Update started
2024-04-22 16:29:15,488 [Worker-11: Updating Maven Project] INFO  o.e.m.c.i.l.LifecycleMappingFactory - Using org.eclipse.m2e.jdt.JarLifecycleMapping lifecycle mapping for MavenProject: FileHandling:CSVFile:0.0.1-SNAPSHOT @ C:\Users\Vikas Jagtap\Desktop\Backend\Java\Core Java\CSVFile\pom.xml.
2024-04-22 16:29:15,773 [Worker-11: Updating Maven Project] INFO  o.e.m.j.i.AbstractJavaProjectConfigurator - Adding source folder /CSVFile/src/main/java
2024-04-22 16:29:15,774 [Worker-11: Updating Maven Project] INFO  o.e.m.j.i.AbstractJavaProjectConfigurator - Adding resource folder /CSVFile/src/main/resources
2024-04-22 16:29:15,774 [Worker-11: Updating Maven Project] INFO  o.e.m.j.i.AbstractJavaProjectConfigurator - Adding source folder /CSVFile/src/test/java
2024-04-22 16:29:15,775 [Worker-11: Updating Maven Project] INFO  o.e.m.j.i.AbstractJavaProjectConfigurator - Adding resource folder /CSVFile/src/test/resources
2024-04-22 16:29:15,856 [Worker-11: Updating Maven Project] INFO  o.e.m.c.i.p.ProjectConfigurationManager - Update completed for 1 poms: local refresh takes 0.00 sec, refresh facades takes 0.00 sec, update config takes 0.00 sec 
2024-04-22 16:29:15,858 [Worker-7: Updating Maven Project] INFO  o.e.m.c.i.p.ProjectConfigurationManager - Update started
2024-04-22 16:29:15,889 [Worker-7: Updating Maven Project] INFO  o.e.m.c.i.l.LifecycleMappingFactory - Using org.eclipse.m2e.jdt.JarLifecycleMapping lifecycle mapping for MavenProject: FileHandling:CSVFile:0.0.1-SNAPSHOT @ C:\Users\Vikas Jagtap\Desktop\Backend\Java\Core Java\CSVFile\pom.xml.
2024-04-22 16:29:16,202 [Worker-7: Updating Maven Project] INFO  o.e.m.j.i.AbstractJavaProjectConfigurator - Adding source folder /CSVFile/src/main/java
2024-04-22 16:29:16,203 [Worker-7: Updating Maven Project] INFO  o.e.m.j.i.AbstractJavaProjectConfigurator - Adding resource folder /CSVFile/src/main/resources
2024-04-22 16:29:16,203 [Worker-7: Updating Maven Project] INFO  o.e.m.j.i.AbstractJavaProjectConfigurator - Adding source folder /CSVFile/src/test/java
2024-04-22 16:29:16,203 [Worker-7: Updating Maven Project] INFO  o.e.m.j.i.AbstractJavaProjectConfigurator - Adding resource folder /CSVFile/src/test/resources
2024-04-22 16:29:16,283 [Worker-7: Updating Maven Project] INFO  o.e.m.c.i.p.ProjectConfigurationManager - Update completed for 1 poms: local refresh takes 0.00 sec, refresh facades takes 0.00 sec, update config takes 0.00 sec 
2024-04-22 16:29:16,453 [Worker-3: Building] WARN  o.a.m.s.f.DefaultMavenResourcesFiltering - Using platform encoding (Cp1252 actually) to copy filtered resources, i.e. build is platform dependent!
2024-04-22 16:29:16,455 [Worker-3: Building] INFO  o.a.m.s.f.DefaultMavenResourcesFiltering - Copying 2 resources from src\main\resources to target\classes
2024-04-22 16:29:16,468 [Worker-3: Building] WARN  o.a.m.s.f.DefaultMavenResourcesFiltering - Using platform encoding (Cp1252 actually) to copy filtered resources, i.e. build is platform dependent!
2024-04-22 16:29:16,469 [Worker-3: Building] INFO  o.a.m.s.f.DefaultMavenResourcesFiltering - Copying 0 resource from src\test\resources to target\test-classes
2024-07-02 11:23:34,317 [Worker-5: Loading available Gradle versions] INFO  o.e.b.c.i.u.g.PublishedGradleVersions - Gradle version information cache is out-of-date. Trying to update.
2024-07-02 19:04:59,040 [Worker-5: Loading available Gradle versions] INFO  o.e.b.c.i.u.g.PublishedGradleVersions - Gradle version information cache is up-to-date. Trying to read.
2024-07-03 11:00:39,901 [Worker-4: Loading available Gradle versions] INFO  o.e.b.c.i.u.g.PublishedGradleVersions - Gradle version information cache is up-to-date. Trying to read.
